<?xml version="1.0" encoding="UTF-8"?>
<!-- Generated by org.testng.reporters.JUnitReportReporter -->
<testsuite hostname="DESKTOP-8DBLLD3" failures="0" tests="1" name="testcase.AccountTest" time="2.624" errors="0" timestamp="6 Jan 2022 14:06:35 GMT">
  <testcase classname="testcase.AccountTest" name="createAccount" time="2.624"/>
</testsuite> <!-- testcase.AccountTest -->
